Impacket v0.9.22.dev1+20200424.150528.c44901d1 - Copyright 2020 SecureAuth Corporation

[*] Getting TGT for AAlleni
[-] Kerberos SessionError: KDC_ERR_C_PRINCIPAL_UNKNOWN(Client not found in Kerberos database)
Impacket v0.9.22.dev1+20200424.150528.c44901d1 - Copyright 2020 SecureAuth Corporation

[*] Getting TGT for ABarteski
[-] Kerberos SessionError: KDC_ERR_C_PRINCIPAL_UNKNOWN(Client not found in Kerberos database)
Impacket v0.9.22.dev1+20200424.150528.c44901d1 - Copyright 2020 SecureAuth Corporation

[*] Getting TGT for ABekesz
[-] Kerberos SessionError: KDC_ERR_C_PRINCIPAL_UNKNOWN(Client not found in Kerberos database)
Impacket v0.9.22.dev1+20200424.150528.c44901d1 - Copyright 2020 SecureAuth Corporation

[*] Getting TGT for ABenzies
[-] Kerberos SessionError: KDC_ERR_C_PRINCIPAL_UNKNOWN(Client not found in Kerberos database)
Impacket v0.9.22.dev1+20200424.150528.c44901d1 - Copyright 2020 SecureAuth Corporation

[*] Getting TGT for ABiemiller
[-] Kerberos SessionError: KDC_ERR_C_PRINCIPAL_UNKNOWN(Client not found in Kerberos database)
Impacket v0.9.22.dev1+20200424.150528.c44901d1 - Copyright 2020 SecureAuth Corporation

[*] Getting TGT for AChampken
[-] Kerberos SessionError: KDC_ERR_C_PRINCIPAL_UNKNOWN(Client not found in Kerberos database)
Impacket v0.9.22.dev1+20200424.150528.c44901d1 - Copyright 2020 SecureAuth Corporation

[*] Getting TGT for ACheretei
[-] Kerberos SessionError: KDC_ERR_C_PRINCIPAL_UNKNOWN(Client not found in Kerberos database)
Impacket v0.9.22.dev1+20200424.150528.c44901d1 - Copyright 2020 SecureAuth Corporation

[*] Getting TGT for ACsonaki
[-] Kerberos SessionError: KDC_ERR_C_PRINCIPAL_UNKNOWN(Client not found in Kerberos database)
Impacket v0.9.22.dev1+20200424.150528.c44901d1 - Copyright 2020 SecureAuth Corporation

[*] Getting TGT for AHigchens
[-] Kerberos SessionError: KDC_ERR_C_PRINCIPAL_UNKNOWN(Client not found in Kerberos database)
Impacket v0.9.22.dev1+20200424.150528.c44901d1 - Copyright 2020 SecureAuth Corporation

[*] Getting TGT for AJaquemai
[-] Kerberos SessionError: KDC_ERR_C_PRINCIPAL_UNKNOWN(Client not found in Kerberos database)
Impacket v0.9.22.dev1+20200424.150528.c44901d1 - Copyright 2020 SecureAuth Corporation

[*] Getting TGT for AKlado
[-] Kerberos SessionError: KDC_ERR_C_PRINCIPAL_UNKNOWN(Client not found in Kerberos database)
Impacket v0.9.22.dev1+20200424.150528.c44901d1 - Copyright 2020 SecureAuth Corporation

[*] Getting TGT for AKoffenburger
[-] Kerberos SessionError: KDC_ERR_C_PRINCIPAL_UNKNOWN(Client not found in Kerberos database)
Impacket v0.9.22.dev1+20200424.150528.c44901d1 - Copyright 2020 SecureAuth Corporation

[*] Getting TGT for AKollolli
[-] Kerberos SessionError: KDC_ERR_C_PRINCIPAL_UNKNOWN(Client not found in Kerberos database)
Impacket v0.9.22.dev1+20200424.150528.c44901d1 - Copyright 2020 SecureAuth Corporation

[*] Getting TGT for AKruppe
[-] Kerberos SessionError: KDC_ERR_C_PRINCIPAL_UNKNOWN(Client not found in Kerberos database)
Impacket v0.9.22.dev1+20200424.150528.c44901d1 - Copyright 2020 SecureAuth Corporation

[*] Getting TGT for AKubale
[-] Kerberos SessionError: KDC_ERR_C_PRINCIPAL_UNKNOWN(Client not found in Kerberos database)
Impacket v0.9.22.dev1+20200424.150528.c44901d1 - Copyright 2020 SecureAuth Corporation

[*] Getting TGT for ALamerz
[-] Kerberos SessionError: KDC_ERR_C_PRINCIPAL_UNKNOWN(Client not found in Kerberos database)
Impacket v0.9.22.dev1+20200424.150528.c44901d1 - Copyright 2020 SecureAuth Corporation

[*] Getting TGT for AMaceldon
[-] Kerberos SessionError: KDC_ERR_C_PRINCIPAL_UNKNOWN(Client not found in Kerberos database)
Impacket v0.9.22.dev1+20200424.150528.c44901d1 - Copyright 2020 SecureAuth Corporation

[*] Getting TGT for AMasalunga
[-] Kerberos SessionError: KDC_ERR_C_PRINCIPAL_UNKNOWN(Client not found in Kerberos database)
Impacket v0.9.22.dev1+20200424.150528.c44901d1 - Copyright 2020 SecureAuth Corporation

[*] Getting TGT for ANavay
[-] Kerberos SessionError: KDC_ERR_C_PRINCIPAL_UNKNOWN(Client not found in Kerberos database)
Impacket v0.9.22.dev1+20200424.150528.c44901d1 - Copyright 2020 SecureAuth Corporation

[*] Getting TGT for ANesterova
[-] Kerberos SessionError: KDC_ERR_C_PRINCIPAL_UNKNOWN(Client not found in Kerberos database)
Impacket v0.9.22.dev1+20200424.150528.c44901d1 - Copyright 2020 SecureAuth Corporation

[*] Getting TGT for ANeusse
[-] Kerberos SessionError: KDC_ERR_C_PRINCIPAL_UNKNOWN(Client not found in Kerberos database)
Impacket v0.9.22.dev1+20200424.150528.c44901d1 - Copyright 2020 SecureAuth Corporation

[*] Getting TGT for AOkleshen
[-] Kerberos SessionError: KDC_ERR_C_PRINCIPAL_UNKNOWN(Client not found in Kerberos database)
Impacket v0.9.22.dev1+20200424.150528.c44901d1 - Copyright 2020 SecureAuth Corporation

[*] Getting TGT for APustulka
[-] Kerberos SessionError: KDC_ERR_C_PRINCIPAL_UNKNOWN(Client not found in Kerberos database)
Impacket v0.9.22.dev1+20200424.150528.c44901d1 - Copyright 2020 SecureAuth Corporation

[*] Getting TGT for ARotella
[-] Kerberos SessionError: KDC_ERR_C_PRINCIPAL_UNKNOWN(Client not found in Kerberos database)
Impacket v0.9.22.dev1+20200424.150528.c44901d1 - Copyright 2020 SecureAuth Corporation

[*] Getting TGT for ASanwardeker
[-] Kerberos SessionError: KDC_ERR_C_PRINCIPAL_UNKNOWN(Client not found in Kerberos database)
Impacket v0.9.22.dev1+20200424.150528.c44901d1 - Copyright 2020 SecureAuth Corporation

[*] Getting TGT for AShadaia
[-] Kerberos SessionError: KDC_ERR_C_PRINCIPAL_UNKNOWN(Client not found in Kerberos database)
Impacket v0.9.22.dev1+20200424.150528.c44901d1 - Copyright 2020 SecureAuth Corporation

[*] Getting TGT for ASischo
[-] Kerberos SessionError: KDC_ERR_C_PRINCIPAL_UNKNOWN(Client not found in Kerberos database)
Impacket v0.9.22.dev1+20200424.150528.c44901d1 - Copyright 2020 SecureAuth Corporation

[*] Getting TGT for ASpruce
[-] Kerberos SessionError: KDC_ERR_C_PRINCIPAL_UNKNOWN(Client not found in Kerberos database)
Impacket v0.9.22.dev1+20200424.150528.c44901d1 - Copyright 2020 SecureAuth Corporation

[*] Getting TGT for ATakach
[-] Kerberos SessionError: KDC_ERR_C_PRINCIPAL_UNKNOWN(Client not found in Kerberos database)
Impacket v0.9.22.dev1+20200424.150528.c44901d1 - Copyright 2020 SecureAuth Corporation

[*] Getting TGT for ATaueg
[-] Kerberos SessionError: KDC_ERR_C_PRINCIPAL_UNKNOWN(Client not found in Kerberos database)
Impacket v0.9.22.dev1+20200424.150528.c44901d1 - Copyright 2020 SecureAuth Corporation

[*] Getting TGT for ATwardowski
[-] Kerberos SessionError: KDC_ERR_C_PRINCIPAL_UNKNOWN(Client not found in Kerberos database)
Impacket v0.9.22.dev1+20200424.150528.c44901d1 - Copyright 2020 SecureAuth Corporation

[*] Getting TGT for audit2020
[-] User audit2020 doesn't have UF_DONT_REQUIRE_PREAUTH set
Impacket v0.9.22.dev1+20200424.150528.c44901d1 - Copyright 2020 SecureAuth Corporation

[*] Getting TGT for AWangenheim
[-] Kerberos SessionError: KDC_ERR_C_PRINCIPAL_UNKNOWN(Client not found in Kerberos database)
Impacket v0.9.22.dev1+20200424.150528.c44901d1 - Copyright 2020 SecureAuth Corporation

[*] Getting TGT for AWorsey
[-] Kerberos SessionError: KDC_ERR_C_PRINCIPAL_UNKNOWN(Client not found in Kerberos database)
Impacket v0.9.22.dev1+20200424.150528.c44901d1 - Copyright 2020 SecureAuth Corporation

[*] Getting TGT for AZigmunt
[-] Kerberos SessionError: KDC_ERR_C_PRINCIPAL_UNKNOWN(Client not found in Kerberos database)
Impacket v0.9.22.dev1+20200424.150528.c44901d1 - Copyright 2020 SecureAuth Corporation

[*] Getting TGT for BBakajza
[-] Kerberos SessionError: KDC_ERR_C_PRINCIPAL_UNKNOWN(Client not found in Kerberos database)
Impacket v0.9.22.dev1+20200424.150528.c44901d1 - Copyright 2020 SecureAuth Corporation

[*] Getting TGT for BBeloucif
[-] Kerberos SessionError: KDC_ERR_C_PRINCIPAL_UNKNOWN(Client not found in Kerberos database)
Impacket v0.9.22.dev1+20200424.150528.c44901d1 - Copyright 2020 SecureAuth Corporation

[*] Getting TGT for BCarmitcheal
[-] Kerberos SessionError: KDC_ERR_C_PRINCIPAL_UNKNOWN(Client not found in Kerberos database)
Impacket v0.9.22.dev1+20200424.150528.c44901d1 - Copyright 2020 SecureAuth Corporation

[*] Getting TGT for BConsultant
[-] Kerberos SessionError: KDC_ERR_C_PRINCIPAL_UNKNOWN(Client not found in Kerberos database)
Impacket v0.9.22.dev1+20200424.150528.c44901d1 - Copyright 2020 SecureAuth Corporation

[*] Getting TGT for BErdossy
[-] Kerberos SessionError: KDC_ERR_C_PRINCIPAL_UNKNOWN(Client not found in Kerberos database)
Impacket v0.9.22.dev1+20200424.150528.c44901d1 - Copyright 2020 SecureAuth Corporation

[*] Getting TGT for BGeminski
[-] Kerberos SessionError: KDC_ERR_C_PRINCIPAL_UNKNOWN(Client not found in Kerberos database)
Impacket v0.9.22.dev1+20200424.150528.c44901d1 - Copyright 2020 SecureAuth Corporation

[*] Getting TGT for BLostal
[-] Kerberos SessionError: KDC_ERR_C_PRINCIPAL_UNKNOWN(Client not found in Kerberos database)
Impacket v0.9.22.dev1+20200424.150528.c44901d1 - Copyright 2020 SecureAuth Corporation

[*] Getting TGT for BMannise
[-] Kerberos SessionError: KDC_ERR_C_PRINCIPAL_UNKNOWN(Client not found in Kerberos database)
Impacket v0.9.22.dev1+20200424.150528.c44901d1 - Copyright 2020 SecureAuth Corporation

[*] Getting TGT for BNovrotsky
[-] Kerberos SessionError: KDC_ERR_C_PRINCIPAL_UNKNOWN(Client not found in Kerberos database)
Impacket v0.9.22.dev1+20200424.150528.c44901d1 - Copyright 2020 SecureAuth Corporation

[*] Getting TGT for BRigiero
[-] Kerberos SessionError: KDC_ERR_C_PRINCIPAL_UNKNOWN(Client not found in Kerberos database)
Impacket v0.9.22.dev1+20200424.150528.c44901d1 - Copyright 2020 SecureAuth Corporation

[*] Getting TGT for BSamkoses
[-] Kerberos SessionError: KDC_ERR_C_PRINCIPAL_UNKNOWN(Client not found in Kerberos database)
Impacket v0.9.22.dev1+20200424.150528.c44901d1 - Copyright 2020 SecureAuth Corporation

[*] Getting TGT for BZandonella
[-] Kerberos SessionError: KDC_ERR_C_PRINCIPAL_UNKNOWN(Client not found in Kerberos database)
Impacket v0.9.22.dev1+20200424.150528.c44901d1 - Copyright 2020 SecureAuth Corporation

[*] Getting TGT for CAcherman
[-] Kerberos SessionError: KDC_ERR_C_PRINCIPAL_UNKNOWN(Client not found in Kerberos database)
Impacket v0.9.22.dev1+20200424.150528.c44901d1 - Copyright 2020 SecureAuth Corporation

[*] Getting TGT for CAkbari
[-] Kerberos SessionError: KDC_ERR_C_PRINCIPAL_UNKNOWN(Client not found in Kerberos database)
Impacket v0.9.22.dev1+20200424.150528.c44901d1 - Copyright 2020 SecureAuth Corporation

[*] Getting TGT for CAldhowaihi
[-] Kerberos SessionError: KDC_ERR_C_PRINCIPAL_UNKNOWN(Client not found in Kerberos database)
Impacket v0.9.22.dev1+20200424.150528.c44901d1 - Copyright 2020 SecureAuth Corporation

[*] Getting TGT for CArgyropolous
[-] Kerberos SessionError: KDC_ERR_C_PRINCIPAL_UNKNOWN(Client not found in Kerberos database)
Impacket v0.9.22.dev1+20200424.150528.c44901d1 - Copyright 2020 SecureAuth Corporation

[*] Getting TGT for CDufrasne
[-] Kerberos SessionError: KDC_ERR_C_PRINCIPAL_UNKNOWN(Client not found in Kerberos database)
Impacket v0.9.22.dev1+20200424.150528.c44901d1 - Copyright 2020 SecureAuth Corporation

[*] Getting TGT for CGronk
[-] Kerberos SessionError: KDC_ERR_C_PRINCIPAL_UNKNOWN(Client not found in Kerberos database)
Impacket v0.9.22.dev1+20200424.150528.c44901d1 - Copyright 2020 SecureAuth Corporation

[*] Getting TGT for Chiucarello
[-] Kerberos SessionError: KDC_ERR_C_PRINCIPAL_UNKNOWN(Client not found in Kerberos database)
Impacket v0.9.22.dev1+20200424.150528.c44901d1 - Copyright 2020 SecureAuth Corporation

[*] Getting TGT for Chiuccariello
[-] Kerberos SessionError: KDC_ERR_C_PRINCIPAL_UNKNOWN(Client not found in Kerberos database)
Impacket v0.9.22.dev1+20200424.150528.c44901d1 - Copyright 2020 SecureAuth Corporation

[*] Getting TGT for CHoytal
[-] Kerberos SessionError: KDC_ERR_C_PRINCIPAL_UNKNOWN(Client not found in Kerberos database)
Impacket v0.9.22.dev1+20200424.150528.c44901d1 - Copyright 2020 SecureAuth Corporation

[*] Getting TGT for CKijauskas
[-] Kerberos SessionError: KDC_ERR_C_PRINCIPAL_UNKNOWN(Client not found in Kerberos database)
Impacket v0.9.22.dev1+20200424.150528.c44901d1 - Copyright 2020 SecureAuth Corporation

[*] Getting TGT for CKolbo
[-] Kerberos SessionError: KDC_ERR_C_PRINCIPAL_UNKNOWN(Client not found in Kerberos database)
Impacket v0.9.22.dev1+20200424.150528.c44901d1 - Copyright 2020 SecureAuth Corporation

[*] Getting TGT for CMakutenas
[-] Kerberos SessionError: KDC_ERR_C_PRINCIPAL_UNKNOWN(Client not found in Kerberos database)
Impacket v0.9.22.dev1+20200424.150528.c44901d1 - Copyright 2020 SecureAuth Corporation

[*] Getting TGT for CMorcillo
[-] Kerberos SessionError: KDC_ERR_C_PRINCIPAL_UNKNOWN(Client not found in Kerberos database)
Impacket v0.9.22.dev1+20200424.150528.c44901d1 - Copyright 2020 SecureAuth Corporation

[*] Getting TGT for CSchandall
[-] Kerberos SessionError: KDC_ERR_C_PRINCIPAL_UNKNOWN(Client not found in Kerberos database)
Impacket v0.9.22.dev1+20200424.150528.c44901d1 - Copyright 2020 SecureAuth Corporation

[*] Getting TGT for CSelters
[-] Kerberos SessionError: KDC_ERR_C_PRINCIPAL_UNKNOWN(Client not found in Kerberos database)
Impacket v0.9.22.dev1+20200424.150528.c44901d1 - Copyright 2020 SecureAuth Corporation

[*] Getting TGT for CTolmie
[-] Kerberos SessionError: KDC_ERR_C_PRINCIPAL_UNKNOWN(Client not found in Kerberos database)
Impacket v0.9.22.dev1+20200424.150528.c44901d1 - Copyright 2020 SecureAuth Corporation

[*] Getting TGT for DCecere
[-] Kerberos SessionError: KDC_ERR_C_PRINCIPAL_UNKNOWN(Client not found in Kerberos database)
Impacket v0.9.22.dev1+20200424.150528.c44901d1 - Copyright 2020 SecureAuth Corporation

[*] Getting TGT for DChintalapalli
[-] Kerberos SessionError: KDC_ERR_C_PRINCIPAL_UNKNOWN(Client not found in Kerberos database)
Impacket v0.9.22.dev1+20200424.150528.c44901d1 - Copyright 2020 SecureAuth Corporation

[*] Getting TGT for DCwilich
[-] Kerberos SessionError: KDC_ERR_C_PRINCIPAL_UNKNOWN(Client not found in Kerberos database)
Impacket v0.9.22.dev1+20200424.150528.c44901d1 - Copyright 2020 SecureAuth Corporation

[*] Getting TGT for DGarbatiuc
[-] Kerberos SessionError: KDC_ERR_C_PRINCIPAL_UNKNOWN(Client not found in Kerberos database)
Impacket v0.9.22.dev1+20200424.150528.c44901d1 - Copyright 2020 SecureAuth Corporation

[*] Getting TGT for DKemesies
[-] Kerberos SessionError: KDC_ERR_C_PRINCIPAL_UNKNOWN(Client not found in Kerberos database)
Impacket v0.9.22.dev1+20200424.150528.c44901d1 - Copyright 2020 SecureAuth Corporation

[*] Getting TGT for DMatuka
[-] Kerberos SessionError: KDC_ERR_C_PRINCIPAL_UNKNOWN(Client not found in Kerberos database)
Impacket v0.9.22.dev1+20200424.150528.c44901d1 - Copyright 2020 SecureAuth Corporation

[*] Getting TGT for DMedeme
[-] Kerberos SessionError: KDC_ERR_C_PRINCIPAL_UNKNOWN(Client not found in Kerberos database)
Impacket v0.9.22.dev1+20200424.150528.c44901d1 - Copyright 2020 SecureAuth Corporation

[*] Getting TGT for DMeherek
[-] Kerberos SessionError: KDC_ERR_C_PRINCIPAL_UNKNOWN(Client not found in Kerberos database)
Impacket v0.9.22.dev1+20200424.150528.c44901d1 - Copyright 2020 SecureAuth Corporation

[*] Getting TGT for DMetych
[-] Kerberos SessionError: KDC_ERR_C_PRINCIPAL_UNKNOWN(Client not found in Kerberos database)
Impacket v0.9.22.dev1+20200424.150528.c44901d1 - Copyright 2020 SecureAuth Corporation

[*] Getting TGT for DPaskalev
[-] Kerberos SessionError: KDC_ERR_C_PRINCIPAL_UNKNOWN(Client not found in Kerberos database)
Impacket v0.9.22.dev1+20200424.150528.c44901d1 - Copyright 2020 SecureAuth Corporation

[*] Getting TGT for DPriporov
[-] Kerberos SessionError: KDC_ERR_C_PRINCIPAL_UNKNOWN(Client not found in Kerberos database)
Impacket v0.9.22.dev1+20200424.150528.c44901d1 - Copyright 2020 SecureAuth Corporation

[*] Getting TGT for DRusanovskaya
[-] Kerberos SessionError: KDC_ERR_C_PRINCIPAL_UNKNOWN(Client not found in Kerberos database)
Impacket v0.9.22.dev1+20200424.150528.c44901d1 - Copyright 2020 SecureAuth Corporation

[*] Getting TGT for DVellela
[-] Kerberos SessionError: KDC_ERR_C_PRINCIPAL_UNKNOWN(Client not found in Kerberos database)
Impacket v0.9.22.dev1+20200424.150528.c44901d1 - Copyright 2020 SecureAuth Corporation

[*] Getting TGT for DVogleson
[-] Kerberos SessionError: KDC_ERR_C_PRINCIPAL_UNKNOWN(Client not found in Kerberos database)
Impacket v0.9.22.dev1+20200424.150528.c44901d1 - Copyright 2020 SecureAuth Corporation

[*] Getting TGT for DZwinak
[-] Kerberos SessionError: KDC_ERR_C_PRINCIPAL_UNKNOWN(Client not found in Kerberos database)
Impacket v0.9.22.dev1+20200424.150528.c44901d1 - Copyright 2020 SecureAuth Corporation

[*] Getting TGT for EBoley
[-] Kerberos SessionError: KDC_ERR_C_PRINCIPAL_UNKNOWN(Client not found in Kerberos database)
Impacket v0.9.22.dev1+20200424.150528.c44901d1 - Copyright 2020 SecureAuth Corporation

[*] Getting TGT for EEulau
[-] Kerberos SessionError: KDC_ERR_C_PRINCIPAL_UNKNOWN(Client not found in Kerberos database)
Impacket v0.9.22.dev1+20200424.150528.c44901d1 - Copyright 2020 SecureAuth Corporation

[*] Getting TGT for EFeatherling
[-] Kerberos SessionError: KDC_ERR_C_PRINCIPAL_UNKNOWN(Client not found in Kerberos database)
Impacket v0.9.22.dev1+20200424.150528.c44901d1 - Copyright 2020 SecureAuth Corporation

[*] Getting TGT for EFrixione
[-] Kerberos SessionError: KDC_ERR_C_PRINCIPAL_UNKNOWN(Client not found in Kerberos database)
Impacket v0.9.22.dev1+20200424.150528.c44901d1 - Copyright 2020 SecureAuth Corporation

[*] Getting TGT for EJenorik
[-] Kerberos SessionError: KDC_ERR_C_PRINCIPAL_UNKNOWN(Client not found in Kerberos database)
Impacket v0.9.22.dev1+20200424.150528.c44901d1 - Copyright 2020 SecureAuth Corporation

[*] Getting TGT for EKmilanovic
[-] Kerberos SessionError: KDC_ERR_C_PRINCIPAL_UNKNOWN(Client not found in Kerberos database)
Impacket v0.9.22.dev1+20200424.150528.c44901d1 - Copyright 2020 SecureAuth Corporation

[*] Getting TGT for ElKatkowsky
[-] Kerberos SessionError: KDC_ERR_C_PRINCIPAL_UNKNOWN(Client not found in Kerberos database)
Impacket v0.9.22.dev1+20200424.150528.c44901d1 - Copyright 2020 SecureAuth Corporation

[*] Getting TGT for EmaCaratenuto
[-] Kerberos SessionError: KDC_ERR_C_PRINCIPAL_UNKNOWN(Client not found in Kerberos database)
Impacket v0.9.22.dev1+20200424.150528.c44901d1 - Copyright 2020 SecureAuth Corporation

[*] Getting TGT for EPalislamovic
[-] Kerberos SessionError: KDC_ERR_C_PRINCIPAL_UNKNOWN(Client not found in Kerberos database)
Impacket v0.9.22.dev1+20200424.150528.c44901d1 - Copyright 2020 SecureAuth Corporation

[*] Getting TGT for EPryar
[-] Kerberos SessionError: KDC_ERR_C_PRINCIPAL_UNKNOWN(Client not found in Kerberos database)
Impacket v0.9.22.dev1+20200424.150528.c44901d1 - Copyright 2020 SecureAuth Corporation

[*] Getting TGT for ESachhitello
[-] Kerberos SessionError: KDC_ERR_C_PRINCIPAL_UNKNOWN(Client not found in Kerberos database)
Impacket v0.9.22.dev1+20200424.150528.c44901d1 - Copyright 2020 SecureAuth Corporation

[*] Getting TGT for ESariotti
[-] Kerberos SessionError: KDC_ERR_C_PRINCIPAL_UNKNOWN(Client not found in Kerberos database)
Impacket v0.9.22.dev1+20200424.150528.c44901d1 - Copyright 2020 SecureAuth Corporation

[*] Getting TGT for ETurgano
[-] Kerberos SessionError: KDC_ERR_C_PRINCIPAL_UNKNOWN(Client not found in Kerberos database)
Impacket v0.9.22.dev1+20200424.150528.c44901d1 - Copyright 2020 SecureAuth Corporation

[*] Getting TGT for EWojtila
[-] Kerberos SessionError: KDC_ERR_C_PRINCIPAL_UNKNOWN(Client not found in Kerberos database)
Impacket v0.9.22.dev1+20200424.150528.c44901d1 - Copyright 2020 SecureAuth Corporation

[*] Getting TGT for FAlirezai
[-] Kerberos SessionError: KDC_ERR_C_PRINCIPAL_UNKNOWN(Client not found in Kerberos database)
Impacket v0.9.22.dev1+20200424.150528.c44901d1 - Copyright 2020 SecureAuth Corporation

[*] Getting TGT for FBaldwind
[-] Kerberos SessionError: KDC_ERR_C_PRINCIPAL_UNKNOWN(Client not found in Kerberos database)
Impacket v0.9.22.dev1+20200424.150528.c44901d1 - Copyright 2020 SecureAuth Corporation

[*] Getting TGT for FBroj
[-] Kerberos SessionError: KDC_ERR_C_PRINCIPAL_UNKNOWN(Client not found in Kerberos database)
Impacket v0.9.22.dev1+20200424.150528.c44901d1 - Copyright 2020 SecureAuth Corporation

[*] Getting TGT for FDeblaquire
[-] Kerberos SessionError: KDC_ERR_C_PRINCIPAL_UNKNOWN(Client not found in Kerberos database)
Impacket v0.9.22.dev1+20200424.150528.c44901d1 - Copyright 2020 SecureAuth Corporation

[*] Getting TGT for FDegeorgio
[-] Kerberos SessionError: KDC_ERR_C_PRINCIPAL_UNKNOWN(Client not found in Kerberos database)
Impacket v0.9.22.dev1+20200424.150528.c44901d1 - Copyright 2020 SecureAuth Corporation

[*] Getting TGT for FianLaginja
[-] Kerberos SessionError: KDC_ERR_C_PRINCIPAL_UNKNOWN(Client not found in Kerberos database)
Impacket v0.9.22.dev1+20200424.150528.c44901d1 - Copyright 2020 SecureAuth Corporation

[*] Getting TGT for FLasokowski
[-] Kerberos SessionError: KDC_ERR_C_PRINCIPAL_UNKNOWN(Client not found in Kerberos database)
Impacket v0.9.22.dev1+20200424.150528.c44901d1 - Copyright 2020 SecureAuth Corporation

[*] Getting TGT for FPflum
[-] Kerberos SessionError: KDC_ERR_C_PRINCIPAL_UNKNOWN(Client not found in Kerberos database)
Impacket v0.9.22.dev1+20200424.150528.c44901d1 - Copyright 2020 SecureAuth Corporation

[*] Getting TGT for FReffey
[-] Kerberos SessionError: KDC_ERR_C_PRINCIPAL_UNKNOWN(Client not found in Kerberos database)
Impacket v0.9.22.dev1+20200424.150528.c44901d1 - Copyright 2020 SecureAuth Corporation

[*] Getting TGT for GaBelithe
[-] Kerberos SessionError: KDC_ERR_C_PRINCIPAL_UNKNOWN(Client not found in Kerberos database)
Impacket v0.9.22.dev1+20200424.150528.c44901d1 - Copyright 2020 SecureAuth Corporation

[*] Getting TGT for Gareld
[-] Kerberos SessionError: KDC_ERR_C_PRINCIPAL_UNKNOWN(Client not found in Kerberos database)
Impacket v0.9.22.dev1+20200424.150528.c44901d1 - Copyright 2020 SecureAuth Corporation

[*] Getting TGT for GBatowski
[-] Kerberos SessionError: KDC_ERR_C_PRINCIPAL_UNKNOWN(Client not found in Kerberos database)
Impacket v0.9.22.dev1+20200424.150528.c44901d1 - Copyright 2020 SecureAuth Corporation

[*] Getting TGT for GForshalger
[-] Kerberos SessionError: KDC_ERR_C_PRINCIPAL_UNKNOWN(Client not found in Kerberos database)
Impacket v0.9.22.dev1+20200424.150528.c44901d1 - Copyright 2020 SecureAuth Corporation

[*] Getting TGT for GGomane
[-] Kerberos SessionError: KDC_ERR_C_PRINCIPAL_UNKNOWN(Client not found in Kerberos database)
Impacket v0.9.22.dev1+20200424.150528.c44901d1 - Copyright 2020 SecureAuth Corporation

[*] Getting TGT for GHisek
[-] Kerberos SessionError: KDC_ERR_C_PRINCIPAL_UNKNOWN(Client not found in Kerberos database)
Impacket v0.9.22.dev1+20200424.150528.c44901d1 - Copyright 2020 SecureAuth Corporation

[*] Getting TGT for GMaroufkhani
[-] Kerberos SessionError: KDC_ERR_C_PRINCIPAL_UNKNOWN(Client not found in Kerberos database)
Impacket v0.9.22.dev1+20200424.150528.c44901d1 - Copyright 2020 SecureAuth Corporation

[*] Getting TGT for GMerewether
[-] Kerberos SessionError: KDC_ERR_C_PRINCIPAL_UNKNOWN(Client not found in Kerberos database)
Impacket v0.9.22.dev1+20200424.150528.c44901d1 - Copyright 2020 SecureAuth Corporation

[*] Getting TGT for GQuinniey
[-] Kerberos SessionError: KDC_ERR_C_PRINCIPAL_UNKNOWN(Client not found in Kerberos database)
Impacket v0.9.22.dev1+20200424.150528.c44901d1 - Copyright 2020 SecureAuth Corporation

[*] Getting TGT for GRoswurm
[-] Kerberos SessionError: KDC_ERR_C_PRINCIPAL_UNKNOWN(Client not found in Kerberos database)
Impacket v0.9.22.dev1+20200424.150528.c44901d1 - Copyright 2020 SecureAuth Corporation

[*] Getting TGT for GWiegard
[-] Kerberos SessionError: KDC_ERR_C_PRINCIPAL_UNKNOWN(Client not found in Kerberos database)
Impacket v0.9.22.dev1+20200424.150528.c44901d1 - Copyright 2020 SecureAuth Corporation

[*] Getting TGT for HBlaziewske
[-] Kerberos SessionError: KDC_ERR_C_PRINCIPAL_UNKNOWN(Client not found in Kerberos database)
Impacket v0.9.22.dev1+20200424.150528.c44901d1 - Copyright 2020 SecureAuth Corporation

[*] Getting TGT for HColantino
[-] Kerberos SessionError: KDC_ERR_C_PRINCIPAL_UNKNOWN(Client not found in Kerberos database)
Impacket v0.9.22.dev1+20200424.150528.c44901d1 - Copyright 2020 SecureAuth Corporation

[*] Getting TGT for HConforto
[-] Kerberos SessionError: KDC_ERR_C_PRINCIPAL_UNKNOWN(Client not found in Kerberos database)
Impacket v0.9.22.dev1+20200424.150528.c44901d1 - Copyright 2020 SecureAuth Corporation

[*] Getting TGT for HCunnally
[-] Kerberos SessionError: KDC_ERR_C_PRINCIPAL_UNKNOWN(Client not found in Kerberos database)
Impacket v0.9.22.dev1+20200424.150528.c44901d1 - Copyright 2020 SecureAuth Corporation

[*] Getting TGT for HGougen
[-] Kerberos SessionError: KDC_ERR_C_PRINCIPAL_UNKNOWN(Client not found in Kerberos database)
Impacket v0.9.22.dev1+20200424.150528.c44901d1 - Copyright 2020 SecureAuth Corporation

[*] Getting TGT for HKostova
[-] Kerberos SessionError: KDC_ERR_C_PRINCIPAL_UNKNOWN(Client not found in Kerberos database)
Impacket v0.9.22.dev1+20200424.150528.c44901d1 - Copyright 2020 SecureAuth Corporation

[*] Getting TGT for IChristijr
[-] Kerberos SessionError: KDC_ERR_C_PRINCIPAL_UNKNOWN(Client not found in Kerberos database)
Impacket v0.9.22.dev1+20200424.150528.c44901d1 - Copyright 2020 SecureAuth Corporation

[*] Getting TGT for IKoledo
[-] Kerberos SessionError: KDC_ERR_C_PRINCIPAL_UNKNOWN(Client not found in Kerberos database)
Impacket v0.9.22.dev1+20200424.150528.c44901d1 - Copyright 2020 SecureAuth Corporation

[*] Getting TGT for IKotecky
[-] Kerberos SessionError: KDC_ERR_C_PRINCIPAL_UNKNOWN(Client not found in Kerberos database)
Impacket v0.9.22.dev1+20200424.150528.c44901d1 - Copyright 2020 SecureAuth Corporation

[*] Getting TGT for ISantosi
[-] Kerberos SessionError: KDC_ERR_C_PRINCIPAL_UNKNOWN(Client not found in Kerberos database)
Impacket v0.9.22.dev1+20200424.150528.c44901d1 - Copyright 2020 SecureAuth Corporation

[*] Getting TGT for JAngvall
[-] Kerberos SessionError: KDC_ERR_C_PRINCIPAL_UNKNOWN(Client not found in Kerberos database)
Impacket v0.9.22.dev1+20200424.150528.c44901d1 - Copyright 2020 SecureAuth Corporation

[*] Getting TGT for JBehmoiras
[-] Kerberos SessionError: KDC_ERR_C_PRINCIPAL_UNKNOWN(Client not found in Kerberos database)
Impacket v0.9.22.dev1+20200424.150528.c44901d1 - Copyright 2020 SecureAuth Corporation

[*] Getting TGT for JDanten
[-] Kerberos SessionError: KDC_ERR_C_PRINCIPAL_UNKNOWN(Client not found in Kerberos database)
Impacket v0.9.22.dev1+20200424.150528.c44901d1 - Copyright 2020 SecureAuth Corporation

[*] Getting TGT for JDjouka
[-] Kerberos SessionError: KDC_ERR_C_PRINCIPAL_UNKNOWN(Client not found in Kerberos database)
Impacket v0.9.22.dev1+20200424.150528.c44901d1 - Copyright 2020 SecureAuth Corporation

[*] Getting TGT for JKondziola
[-] Kerberos SessionError: KDC_ERR_C_PRINCIPAL_UNKNOWN(Client not found in Kerberos database)
Impacket v0.9.22.dev1+20200424.150528.c44901d1 - Copyright 2020 SecureAuth Corporation

[*] Getting TGT for JLeytushsenior
[-] Kerberos SessionError: KDC_ERR_C_PRINCIPAL_UNKNOWN(Client not found in Kerberos database)
Impacket v0.9.22.dev1+20200424.150528.c44901d1 - Copyright 2020 SecureAuth Corporation

[*] Getting TGT for JLuthner
[-] Kerberos SessionError: KDC_ERR_C_PRINCIPAL_UNKNOWN(Client not found in Kerberos database)
Impacket v0.9.22.dev1+20200424.150528.c44901d1 - Copyright 2020 SecureAuth Corporation

[*] Getting TGT for JMoorehendrickson
[-] Kerberos SessionError: KDC_ERR_C_PRINCIPAL_UNKNOWN(Client not found in Kerberos database)
Impacket v0.9.22.dev1+20200424.150528.c44901d1 - Copyright 2020 SecureAuth Corporation

[*] Getting TGT for JPistachio
[-] Kerberos SessionError: KDC_ERR_C_PRINCIPAL_UNKNOWN(Client not found in Kerberos database)
Impacket v0.9.22.dev1+20200424.150528.c44901d1 - Copyright 2020 SecureAuth Corporation

[*] Getting TGT for JScima
[-] Kerberos SessionError: KDC_ERR_C_PRINCIPAL_UNKNOWN(Client not found in Kerberos database)
Impacket v0.9.22.dev1+20200424.150528.c44901d1 - Copyright 2020 SecureAuth Corporation

[*] Getting TGT for JSebaali
[-] Kerberos SessionError: KDC_ERR_C_PRINCIPAL_UNKNOWN(Client not found in Kerberos database)
Impacket v0.9.22.dev1+20200424.150528.c44901d1 - Copyright 2020 SecureAuth Corporation

[*] Getting TGT for JShoenherr
[-] Kerberos SessionError: KDC_ERR_C_PRINCIPAL_UNKNOWN(Client not found in Kerberos database)
Impacket v0.9.22.dev1+20200424.150528.c44901d1 - Copyright 2020 SecureAuth Corporation

[*] Getting TGT for JShuselvt
[-] Kerberos SessionError: KDC_ERR_C_PRINCIPAL_UNKNOWN(Client not found in Kerberos database)
Impacket v0.9.22.dev1+20200424.150528.c44901d1 - Copyright 2020 SecureAuth Corporation

[*] Getting TGT for KAmavisca
[-] Kerberos SessionError: KDC_ERR_C_PRINCIPAL_UNKNOWN(Client not found in Kerberos database)
Impacket v0.9.22.dev1+20200424.150528.c44901d1 - Copyright 2020 SecureAuth Corporation

[*] Getting TGT for KAtolikian
[-] Kerberos SessionError: KDC_ERR_C_PRINCIPAL_UNKNOWN(Client not found in Kerberos database)
Impacket v0.9.22.dev1+20200424.150528.c44901d1 - Copyright 2020 SecureAuth Corporation

[*] Getting TGT for KBrokinn
[-] Kerberos SessionError: KDC_ERR_C_PRINCIPAL_UNKNOWN(Client not found in Kerberos database)
Impacket v0.9.22.dev1+20200424.150528.c44901d1 - Copyright 2020 SecureAuth Corporation

[*] Getting TGT for KCockeril
[-] Kerberos SessionError: KDC_ERR_C_PRINCIPAL_UNKNOWN(Client not found in Kerberos database)
Impacket v0.9.22.dev1+20200424.150528.c44901d1 - Copyright 2020 SecureAuth Corporation

[*] Getting TGT for KColtart
[-] Kerberos SessionError: KDC_ERR_C_PRINCIPAL_UNKNOWN(Client not found in Kerberos database)
Impacket v0.9.22.dev1+20200424.150528.c44901d1 - Copyright 2020 SecureAuth Corporation

[*] Getting TGT for KCyster
[-] Kerberos SessionError: KDC_ERR_C_PRINCIPAL_UNKNOWN(Client not found in Kerberos database)
Impacket v0.9.22.dev1+20200424.150528.c44901d1 - Copyright 2020 SecureAuth Corporation

[*] Getting TGT for KDorney
[-] Kerberos SessionError: KDC_ERR_C_PRINCIPAL_UNKNOWN(Client not found in Kerberos database)
Impacket v0.9.22.dev1+20200424.150528.c44901d1 - Copyright 2020 SecureAuth Corporation

[*] Getting TGT for KKoesno
[-] Kerberos SessionError: KDC_ERR_C_PRINCIPAL_UNKNOWN(Client not found in Kerberos database)
Impacket v0.9.22.dev1+20200424.150528.c44901d1 - Copyright 2020 SecureAuth Corporation

[*] Getting TGT for KLangfur
[-] Kerberos SessionError: KDC_ERR_C_PRINCIPAL_UNKNOWN(Client not found in Kerberos database)
Impacket v0.9.22.dev1+20200424.150528.c44901d1 - Copyright 2020 SecureAuth Corporation

[*] Getting TGT for KMahalik
[-] Kerberos SessionError: KDC_ERR_C_PRINCIPAL_UNKNOWN(Client not found in Kerberos database)
Impacket v0.9.22.dev1+20200424.150528.c44901d1 - Copyright 2020 SecureAuth Corporation

[*] Getting TGT for KMasloch
[-] Kerberos SessionError: KDC_ERR_C_PRINCIPAL_UNKNOWN(Client not found in Kerberos database)
Impacket v0.9.22.dev1+20200424.150528.c44901d1 - Copyright 2020 SecureAuth Corporation

[*] Getting TGT for KMibach
[-] Kerberos SessionError: KDC_ERR_C_PRINCIPAL_UNKNOWN(Client not found in Kerberos database)
Impacket v0.9.22.dev1+20200424.150528.c44901d1 - Copyright 2020 SecureAuth Corporation

[*] Getting TGT for KParvankova
[-] Kerberos SessionError: KDC_ERR_C_PRINCIPAL_UNKNOWN(Client not found in Kerberos database)
Impacket v0.9.22.dev1+20200424.150528.c44901d1 - Copyright 2020 SecureAuth Corporation

[*] Getting TGT for KPregnolato
[-] Kerberos SessionError: KDC_ERR_C_PRINCIPAL_UNKNOWN(Client not found in Kerberos database)
Impacket v0.9.22.dev1+20200424.150528.c44901d1 - Copyright 2020 SecureAuth Corporation

[*] Getting TGT for KRasmor
[-] Kerberos SessionError: KDC_ERR_C_PRINCIPAL_UNKNOWN(Client not found in Kerberos database)
Impacket v0.9.22.dev1+20200424.150528.c44901d1 - Copyright 2020 SecureAuth Corporation

[*] Getting TGT for KShievitz
[-] Kerberos SessionError: KDC_ERR_C_PRINCIPAL_UNKNOWN(Client not found in Kerberos database)
Impacket v0.9.22.dev1+20200424.150528.c44901d1 - Copyright 2020 SecureAuth Corporation

[*] Getting TGT for KSojdelius
[-] Kerberos SessionError: KDC_ERR_C_PRINCIPAL_UNKNOWN(Client not found in Kerberos database)
Impacket v0.9.22.dev1+20200424.150528.c44901d1 - Copyright 2020 SecureAuth Corporation

[*] Getting TGT for KTambourgi
[-] Kerberos SessionError: KDC_ERR_C_PRINCIPAL_UNKNOWN(Client not found in Kerberos database)
Impacket v0.9.22.dev1+20200424.150528.c44901d1 - Copyright 2020 SecureAuth Corporation

[*] Getting TGT for KVlahopoulos
[-] Kerberos SessionError: KDC_ERR_C_PRINCIPAL_UNKNOWN(Client not found in Kerberos database)
Impacket v0.9.22.dev1+20200424.150528.c44901d1 - Copyright 2020 SecureAuth Corporation

[*] Getting TGT for KZyballa
[-] Kerberos SessionError: KDC_ERR_C_PRINCIPAL_UNKNOWN(Client not found in Kerberos database)
Impacket v0.9.22.dev1+20200424.150528.c44901d1 - Copyright 2020 SecureAuth Corporation

[*] Getting TGT for LBajewsky
[-] Kerberos SessionError: KDC_ERR_C_PRINCIPAL_UNKNOWN(Client not found in Kerberos database)
Impacket v0.9.22.dev1+20200424.150528.c44901d1 - Copyright 2020 SecureAuth Corporation

[*] Getting TGT for LBaligand
[-] Kerberos SessionError: KDC_ERR_C_PRINCIPAL_UNKNOWN(Client not found in Kerberos database)
Impacket v0.9.22.dev1+20200424.150528.c44901d1 - Copyright 2020 SecureAuth Corporation

[*] Getting TGT for LBarhamand
[-] Kerberos SessionError: KDC_ERR_C_PRINCIPAL_UNKNOWN(Client not found in Kerberos database)
Impacket v0.9.22.dev1+20200424.150528.c44901d1 - Copyright 2020 SecureAuth Corporation

[*] Getting TGT for LBirer
[-] Kerberos SessionError: KDC_ERR_C_PRINCIPAL_UNKNOWN(Client not found in Kerberos database)
Impacket v0.9.22.dev1+20200424.150528.c44901d1 - Copyright 2020 SecureAuth Corporation

[*] Getting TGT for LBobelis
[-] Kerberos SessionError: KDC_ERR_C_PRINCIPAL_UNKNOWN(Client not found in Kerberos database)
Impacket v0.9.22.dev1+20200424.150528.c44901d1 - Copyright 2020 SecureAuth Corporation

[*] Getting TGT for LChippel
[-] Kerberos SessionError: KDC_ERR_C_PRINCIPAL_UNKNOWN(Client not found in Kerberos database)
Impacket v0.9.22.dev1+20200424.150528.c44901d1 - Copyright 2020 SecureAuth Corporation

[*] Getting TGT for LChoffin
[-] Kerberos SessionError: KDC_ERR_C_PRINCIPAL_UNKNOWN(Client not found in Kerberos database)
Impacket v0.9.22.dev1+20200424.150528.c44901d1 - Copyright 2020 SecureAuth Corporation

[*] Getting TGT for LCominelli
[-] Kerberos SessionError: KDC_ERR_C_PRINCIPAL_UNKNOWN(Client not found in Kerberos database)
Impacket v0.9.22.dev1+20200424.150528.c44901d1 - Copyright 2020 SecureAuth Corporation

[*] Getting TGT for LDruge
[-] Kerberos SessionError: KDC_ERR_C_PRINCIPAL_UNKNOWN(Client not found in Kerberos database)
Impacket v0.9.22.dev1+20200424.150528.c44901d1 - Copyright 2020 SecureAuth Corporation

[*] Getting TGT for LEzepek
[-] Kerberos SessionError: KDC_ERR_C_PRINCIPAL_UNKNOWN(Client not found in Kerberos database)
Impacket v0.9.22.dev1+20200424.150528.c44901d1 - Copyright 2020 SecureAuth Corporation

[*] Getting TGT for LHyungkim
[-] Kerberos SessionError: KDC_ERR_C_PRINCIPAL_UNKNOWN(Client not found in Kerberos database)
Impacket v0.9.22.dev1+20200424.150528.c44901d1 - Copyright 2020 SecureAuth Corporation

[*] Getting TGT for LKarabag
[-] Kerberos SessionError: KDC_ERR_C_PRINCIPAL_UNKNOWN(Client not found in Kerberos database)
Impacket v0.9.22.dev1+20200424.150528.c44901d1 - Copyright 2020 SecureAuth Corporation

[*] Getting TGT for LKirousis
[-] Kerberos SessionError: KDC_ERR_C_PRINCIPAL_UNKNOWN(Client not found in Kerberos database)
Impacket v0.9.22.dev1+20200424.150528.c44901d1 - Copyright 2020 SecureAuth Corporation

[*] Getting TGT for LKnade
[-] Kerberos SessionError: KDC_ERR_C_PRINCIPAL_UNKNOWN(Client not found in Kerberos database)
Impacket v0.9.22.dev1+20200424.150528.c44901d1 - Copyright 2020 SecureAuth Corporation

[*] Getting TGT for LKrioua
[-] Kerberos SessionError: KDC_ERR_C_PRINCIPAL_UNKNOWN(Client not found in Kerberos database)
Impacket v0.9.22.dev1+20200424.150528.c44901d1 - Copyright 2020 SecureAuth Corporation

[*] Getting TGT for LLefebvre
[-] Kerberos SessionError: KDC_ERR_C_PRINCIPAL_UNKNOWN(Client not found in Kerberos database)
Impacket v0.9.22.dev1+20200424.150528.c44901d1 - Copyright 2020 SecureAuth Corporation

[*] Getting TGT for LLoeradeavilez
[-] Kerberos SessionError: KDC_ERR_C_PRINCIPAL_UNKNOWN(Client not found in Kerberos database)
Impacket v0.9.22.dev1+20200424.150528.c44901d1 - Copyright 2020 SecureAuth Corporation

[*] Getting TGT for LMichoud
[-] Kerberos SessionError: KDC_ERR_C_PRINCIPAL_UNKNOWN(Client not found in Kerberos database)
Impacket v0.9.22.dev1+20200424.150528.c44901d1 - Copyright 2020 SecureAuth Corporation

[*] Getting TGT for LTindall
[-] Kerberos SessionError: KDC_ERR_C_PRINCIPAL_UNKNOWN(Client not found in Kerberos database)
Impacket v0.9.22.dev1+20200424.150528.c44901d1 - Copyright 2020 SecureAuth Corporation

[*] Getting TGT for LYturbe
[-] Kerberos SessionError: KDC_ERR_C_PRINCIPAL_UNKNOWN(Client not found in Kerberos database)
Impacket v0.9.22.dev1+20200424.150528.c44901d1 - Copyright 2020 SecureAuth Corporation

[*] Getting TGT for MArcynski
[-] Kerberos SessionError: KDC_ERR_C_PRINCIPAL_UNKNOWN(Client not found in Kerberos database)
Impacket v0.9.22.dev1+20200424.150528.c44901d1 - Copyright 2020 SecureAuth Corporation

[*] Getting TGT for MAthilakshmi
[-] Kerberos SessionError: KDC_ERR_C_PRINCIPAL_UNKNOWN(Client not found in Kerberos database)
Impacket v0.9.22.dev1+20200424.150528.c44901d1 - Copyright 2020 SecureAuth Corporation

[*] Getting TGT for MAttravanam
[-] Kerberos SessionError: KDC_ERR_C_PRINCIPAL_UNKNOWN(Client not found in Kerberos database)
Impacket v0.9.22.dev1+20200424.150528.c44901d1 - Copyright 2020 SecureAuth Corporation

[*] Getting TGT for MBrambini
[-] Kerberos SessionError: KDC_ERR_C_PRINCIPAL_UNKNOWN(Client not found in Kerberos database)
Impacket v0.9.22.dev1+20200424.150528.c44901d1 - Copyright 2020 SecureAuth Corporation

[*] Getting TGT for MHatziantoniou
[-] Kerberos SessionError: KDC_ERR_C_PRINCIPAL_UNKNOWN(Client not found in Kerberos database)
Impacket v0.9.22.dev1+20200424.150528.c44901d1 - Copyright 2020 SecureAuth Corporation

[*] Getting TGT for MHoerauf
[-] Kerberos SessionError: KDC_ERR_C_PRINCIPAL_UNKNOWN(Client not found in Kerberos database)
Impacket v0.9.22.dev1+20200424.150528.c44901d1 - Copyright 2020 SecureAuth Corporation

[*] Getting TGT for MKermarrec
[-] Kerberos SessionError: KDC_ERR_C_PRINCIPAL_UNKNOWN(Client not found in Kerberos database)
Impacket v0.9.22.dev1+20200424.150528.c44901d1 - Copyright 2020 SecureAuth Corporation

[*] Getting TGT for MKillberg
[-] Kerberos SessionError: KDC_ERR_C_PRINCIPAL_UNKNOWN(Client not found in Kerberos database)
Impacket v0.9.22.dev1+20200424.150528.c44901d1 - Copyright 2020 SecureAuth Corporation

[*] Getting TGT for MLapesh
[-] Kerberos SessionError: KDC_ERR_C_PRINCIPAL_UNKNOWN(Client not found in Kerberos database)
Impacket v0.9.22.dev1+20200424.150528.c44901d1 - Copyright 2020 SecureAuth Corporation

[*] Getting TGT for MMakhsous
[-] Kerberos SessionError: KDC_ERR_C_PRINCIPAL_UNKNOWN(Client not found in Kerberos database)
Impacket v0.9.22.dev1+20200424.150528.c44901d1 - Copyright 2020 SecureAuth Corporation

[*] Getting TGT for MMerezio
[-] Kerberos SessionError: KDC_ERR_C_PRINCIPAL_UNKNOWN(Client not found in Kerberos database)
Impacket v0.9.22.dev1+20200424.150528.c44901d1 - Copyright 2020 SecureAuth Corporation

[*] Getting TGT for MNaciri
[-] Kerberos SessionError: KDC_ERR_C_PRINCIPAL_UNKNOWN(Client not found in Kerberos database)
Impacket v0.9.22.dev1+20200424.150528.c44901d1 - Copyright 2020 SecureAuth Corporation

[*] Getting TGT for MShanmugarajah
[-] Kerberos SessionError: KDC_ERR_C_PRINCIPAL_UNKNOWN(Client not found in Kerberos database)
Impacket v0.9.22.dev1+20200424.150528.c44901d1 - Copyright 2020 SecureAuth Corporation

[*] Getting TGT for MSichkar
[-] Kerberos SessionError: KDC_ERR_C_PRINCIPAL_UNKNOWN(Client not found in Kerberos database)
Impacket v0.9.22.dev1+20200424.150528.c44901d1 - Copyright 2020 SecureAuth Corporation

[*] Getting TGT for MTemko
[-] Kerberos SessionError: KDC_ERR_C_PRINCIPAL_UNKNOWN(Client not found in Kerberos database)
Impacket v0.9.22.dev1+20200424.150528.c44901d1 - Copyright 2020 SecureAuth Corporation

[*] Getting TGT for MTipirneni
[-] Kerberos SessionError: KDC_ERR_C_PRINCIPAL_UNKNOWN(Client not found in Kerberos database)
Impacket v0.9.22.dev1+20200424.150528.c44901d1 - Copyright 2020 SecureAuth Corporation

[*] Getting TGT for MTonuri
[-] Kerberos SessionError: KDC_ERR_C_PRINCIPAL_UNKNOWN(Client not found in Kerberos database)
Impacket v0.9.22.dev1+20200424.150528.c44901d1 - Copyright 2020 SecureAuth Corporation

[*] Getting TGT for MVanarsdel
[-] Kerberos SessionError: KDC_ERR_C_PRINCIPAL_UNKNOWN(Client not found in Kerberos database)
Impacket v0.9.22.dev1+20200424.150528.c44901d1 - Copyright 2020 SecureAuth Corporation

[*] Getting TGT for NBellibas
[-] Kerberos SessionError: KDC_ERR_C_PRINCIPAL_UNKNOWN(Client not found in Kerberos database)
Impacket v0.9.22.dev1+20200424.150528.c44901d1 - Copyright 2020 SecureAuth Corporation

[*] Getting TGT for NDikoka
[-] Kerberos SessionError: KDC_ERR_C_PRINCIPAL_UNKNOWN(Client not found in Kerberos database)
Impacket v0.9.22.dev1+20200424.150528.c44901d1 - Copyright 2020 SecureAuth Corporation

[*] Getting TGT for NGenevro
[-] Kerberos SessionError: KDC_ERR_C_PRINCIPAL_UNKNOWN(Client not found in Kerberos database)
Impacket v0.9.22.dev1+20200424.150528.c44901d1 - Copyright 2020 SecureAuth Corporation

[*] Getting TGT for NGoddanti
[-] Kerberos SessionError: KDC_ERR_C_PRINCIPAL_UNKNOWN(Client not found in Kerberos database)
Impacket v0.9.22.dev1+20200424.150528.c44901d1 - Copyright 2020 SecureAuth Corporation

[*] Getting TGT for NMrdirk
[-] Kerberos SessionError: KDC_ERR_C_PRINCIPAL_UNKNOWN(Client not found in Kerberos database)
Impacket v0.9.22.dev1+20200424.150528.c44901d1 - Copyright 2020 SecureAuth Corporation

[*] Getting TGT for NPulido
[-] Kerberos SessionError: KDC_ERR_C_PRINCIPAL_UNKNOWN(Client not found in Kerberos database)
Impacket v0.9.22.dev1+20200424.150528.c44901d1 - Copyright 2020 SecureAuth Corporation

[*] Getting TGT for NRonges
[-] Kerberos SessionError: KDC_ERR_C_PRINCIPAL_UNKNOWN(Client not found in Kerberos database)
Impacket v0.9.22.dev1+20200424.150528.c44901d1 - Copyright 2020 SecureAuth Corporation

[*] Getting TGT for NSchepkie
[-] Kerberos SessionError: KDC_ERR_C_PRINCIPAL_UNKNOWN(Client not found in Kerberos database)
Impacket v0.9.22.dev1+20200424.150528.c44901d1 - Copyright 2020 SecureAuth Corporation

[*] Getting TGT for NVanpraet
[-] Kerberos SessionError: KDC_ERR_C_PRINCIPAL_UNKNOWN(Client not found in Kerberos database)
Impacket v0.9.22.dev1+20200424.150528.c44901d1 - Copyright 2020 SecureAuth Corporation

[*] Getting TGT for OBelghazi
[-] Kerberos SessionError: KDC_ERR_C_PRINCIPAL_UNKNOWN(Client not found in Kerberos database)
Impacket v0.9.22.dev1+20200424.150528.c44901d1 - Copyright 2020 SecureAuth Corporation

[*] Getting TGT for OBushey
[-] Kerberos SessionError: KDC_ERR_C_PRINCIPAL_UNKNOWN(Client not found in Kerberos database)
Impacket v0.9.22.dev1+20200424.150528.c44901d1 - Copyright 2020 SecureAuth Corporation

[*] Getting TGT for OHardybala
[-] Kerberos SessionError: KDC_ERR_C_PRINCIPAL_UNKNOWN(Client not found in Kerberos database)
Impacket v0.9.22.dev1+20200424.150528.c44901d1 - Copyright 2020 SecureAuth Corporation

[*] Getting TGT for OLunas
[-] Kerberos SessionError: KDC_ERR_C_PRINCIPAL_UNKNOWN(Client not found in Kerberos database)
Impacket v0.9.22.dev1+20200424.150528.c44901d1 - Copyright 2020 SecureAuth Corporation

[*] Getting TGT for ORbabka
[-] Kerberos SessionError: KDC_ERR_C_PRINCIPAL_UNKNOWN(Client not found in Kerberos database)
Impacket v0.9.22.dev1+20200424.150528.c44901d1 - Copyright 2020 SecureAuth Corporation

[*] Getting TGT for PBourrat
[-] Kerberos SessionError: KDC_ERR_C_PRINCIPAL_UNKNOWN(Client not found in Kerberos database)
Impacket v0.9.22.dev1+20200424.150528.c44901d1 - Copyright 2020 SecureAuth Corporation

[*] Getting TGT for PBozzelle
[-] Kerberos SessionError: KDC_ERR_C_PRINCIPAL_UNKNOWN(Client not found in Kerberos database)
Impacket v0.9.22.dev1+20200424.150528.c44901d1 - Copyright 2020 SecureAuth Corporation

[*] Getting TGT for PBranti
[-] Kerberos SessionError: KDC_ERR_C_PRINCIPAL_UNKNOWN(Client not found in Kerberos database)
Impacket v0.9.22.dev1+20200424.150528.c44901d1 - Copyright 2020 SecureAuth Corporation

[*] Getting TGT for PCapperella
[-] Kerberos SessionError: KDC_ERR_C_PRINCIPAL_UNKNOWN(Client not found in Kerberos database)
Impacket v0.9.22.dev1+20200424.150528.c44901d1 - Copyright 2020 SecureAuth Corporation

[*] Getting TGT for PCurtz
[-] Kerberos SessionError: KDC_ERR_C_PRINCIPAL_UNKNOWN(Client not found in Kerberos database)
Impacket v0.9.22.dev1+20200424.150528.c44901d1 - Copyright 2020 SecureAuth Corporation

[*] Getting TGT for PDoreste
[-] Kerberos SessionError: KDC_ERR_C_PRINCIPAL_UNKNOWN(Client not found in Kerberos database)
Impacket v0.9.22.dev1+20200424.150528.c44901d1 - Copyright 2020 SecureAuth Corporation

[*] Getting TGT for PGegnas
[-] Kerberos SessionError: KDC_ERR_C_PRINCIPAL_UNKNOWN(Client not found in Kerberos database)
Impacket v0.9.22.dev1+20200424.150528.c44901d1 - Copyright 2020 SecureAuth Corporation

[*] Getting TGT for PMasulla
[-] Kerberos SessionError: KDC_ERR_C_PRINCIPAL_UNKNOWN(Client not found in Kerberos database)
Impacket v0.9.22.dev1+20200424.150528.c44901d1 - Copyright 2020 SecureAuth Corporation

[*] Getting TGT for PMendlinger
[-] Kerberos SessionError: KDC_ERR_C_PRINCIPAL_UNKNOWN(Client not found in Kerberos database)
Impacket v0.9.22.dev1+20200424.150528.c44901d1 - Copyright 2020 SecureAuth Corporation

[*] Getting TGT for PParakat
[-] Kerberos SessionError: KDC_ERR_C_PRINCIPAL_UNKNOWN(Client not found in Kerberos database)
Impacket v0.9.22.dev1+20200424.150528.c44901d1 - Copyright 2020 SecureAuth Corporation

[*] Getting TGT for PProvencer
[-] Kerberos SessionError: KDC_ERR_C_PRINCIPAL_UNKNOWN(Client not found in Kerberos database)
Impacket v0.9.22.dev1+20200424.150528.c44901d1 - Copyright 2020 SecureAuth Corporation

[*] Getting TGT for PTesik
[-] Kerberos SessionError: KDC_ERR_C_PRINCIPAL_UNKNOWN(Client not found in Kerberos database)
Impacket v0.9.22.dev1+20200424.150528.c44901d1 - Copyright 2020 SecureAuth Corporation

[*] Getting TGT for PVinkovich
[-] Kerberos SessionError: KDC_ERR_C_PRINCIPAL_UNKNOWN(Client not found in Kerberos database)
Impacket v0.9.22.dev1+20200424.150528.c44901d1 - Copyright 2020 SecureAuth Corporation

[*] Getting TGT for PVirding
[-] Kerberos SessionError: KDC_ERR_C_PRINCIPAL_UNKNOWN(Client not found in Kerberos database)
Impacket v0.9.22.dev1+20200424.150528.c44901d1 - Copyright 2020 SecureAuth Corporation

[*] Getting TGT for PWeinkaus
[-] Kerberos SessionError: KDC_ERR_C_PRINCIPAL_UNKNOWN(Client not found in Kerberos database)
Impacket v0.9.22.dev1+20200424.150528.c44901d1 - Copyright 2020 SecureAuth Corporation

[*] Getting TGT for RBaliukonis
[-] Kerberos SessionError: KDC_ERR_C_PRINCIPAL_UNKNOWN(Client not found in Kerberos database)
Impacket v0.9.22.dev1+20200424.150528.c44901d1 - Copyright 2020 SecureAuth Corporation

[*] Getting TGT for RBochare
[-] Kerberos SessionError: KDC_ERR_C_PRINCIPAL_UNKNOWN(Client not found in Kerberos database)
Impacket v0.9.22.dev1+20200424.150528.c44901d1 - Copyright 2020 SecureAuth Corporation

[*] Getting TGT for RKrnjaic
[-] Kerberos SessionError: KDC_ERR_C_PRINCIPAL_UNKNOWN(Client not found in Kerberos database)
Impacket v0.9.22.dev1+20200424.150528.c44901d1 - Copyright 2020 SecureAuth Corporation

[*] Getting TGT for RNemnich
[-] Kerberos SessionError: KDC_ERR_C_PRINCIPAL_UNKNOWN(Client not found in Kerberos database)
Impacket v0.9.22.dev1+20200424.150528.c44901d1 - Copyright 2020 SecureAuth Corporation

[*] Getting TGT for RPoretsky
[-] Kerberos SessionError: KDC_ERR_C_PRINCIPAL_UNKNOWN(Client not found in Kerberos database)
Impacket v0.9.22.dev1+20200424.150528.c44901d1 - Copyright 2020 SecureAuth Corporation

[*] Getting TGT for RStuehringer
[-] Kerberos SessionError: KDC_ERR_C_PRINCIPAL_UNKNOWN(Client not found in Kerberos database)
Impacket v0.9.22.dev1+20200424.150528.c44901d1 - Copyright 2020 SecureAuth Corporation

[*] Getting TGT for RSzewczuga
[-] Kerberos SessionError: KDC_ERR_C_PRINCIPAL_UNKNOWN(Client not found in Kerberos database)
Impacket v0.9.22.dev1+20200424.150528.c44901d1 - Copyright 2020 SecureAuth Corporation

[*] Getting TGT for RVallandas
[-] Kerberos SessionError: KDC_ERR_C_PRINCIPAL_UNKNOWN(Client not found in Kerberos database)
Impacket v0.9.22.dev1+20200424.150528.c44901d1 - Copyright 2020 SecureAuth Corporation

[*] Getting TGT for RWeatherl
[-] Kerberos SessionError: KDC_ERR_C_PRINCIPAL_UNKNOWN(Client not found in Kerberos database)
Impacket v0.9.22.dev1+20200424.150528.c44901d1 - Copyright 2020 SecureAuth Corporation

[*] Getting TGT for RWissor
[-] Kerberos SessionError: KDC_ERR_C_PRINCIPAL_UNKNOWN(Client not found in Kerberos database)
Impacket v0.9.22.dev1+20200424.150528.c44901d1 - Copyright 2020 SecureAuth Corporation

[*] Getting TGT for SAbdulagatov
[-] Kerberos SessionError: KDC_ERR_C_PRINCIPAL_UNKNOWN(Client not found in Kerberos database)
Impacket v0.9.22.dev1+20200424.150528.c44901d1 - Copyright 2020 SecureAuth Corporation

[*] Getting TGT for SAjowi
[-] Kerberos SessionError: KDC_ERR_C_PRINCIPAL_UNKNOWN(Client not found in Kerberos database)
Impacket v0.9.22.dev1+20200424.150528.c44901d1 - Copyright 2020 SecureAuth Corporation

[*] Getting TGT for SAlguwaihes
[-] Kerberos SessionError: KDC_ERR_C_PRINCIPAL_UNKNOWN(Client not found in Kerberos database)
Impacket v0.9.22.dev1+20200424.150528.c44901d1 - Copyright 2020 SecureAuth Corporation

[*] Getting TGT for SBonaparte
[-] Kerberos SessionError: KDC_ERR_C_PRINCIPAL_UNKNOWN(Client not found in Kerberos database)
Impacket v0.9.22.dev1+20200424.150528.c44901d1 - Copyright 2020 SecureAuth Corporation

[*] Getting TGT for SBouzane
[-] Kerberos SessionError: KDC_ERR_C_PRINCIPAL_UNKNOWN(Client not found in Kerberos database)
Impacket v0.9.22.dev1+20200424.150528.c44901d1 - Copyright 2020 SecureAuth Corporation

[*] Getting TGT for SChatin
[-] Kerberos SessionError: KDC_ERR_C_PRINCIPAL_UNKNOWN(Client not found in Kerberos database)
Impacket v0.9.22.dev1+20200424.150528.c44901d1 - Copyright 2020 SecureAuth Corporation

[*] Getting TGT for SDellabitta
[-] Kerberos SessionError: KDC_ERR_C_PRINCIPAL_UNKNOWN(Client not found in Kerberos database)
Impacket v0.9.22.dev1+20200424.150528.c44901d1 - Copyright 2020 SecureAuth Corporation

[*] Getting TGT for SDhodapkar
[-] Kerberos SessionError: KDC_ERR_C_PRINCIPAL_UNKNOWN(Client not found in Kerberos database)
Impacket v0.9.22.dev1+20200424.150528.c44901d1 - Copyright 2020 SecureAuth Corporation

[*] Getting TGT for SEulert
[-] Kerberos SessionError: KDC_ERR_C_PRINCIPAL_UNKNOWN(Client not found in Kerberos database)
Impacket v0.9.22.dev1+20200424.150528.c44901d1 - Copyright 2020 SecureAuth Corporation

[*] Getting TGT for SFadrigalan
[-] Kerberos SessionError: KDC_ERR_C_PRINCIPAL_UNKNOWN(Client not found in Kerberos database)
Impacket v0.9.22.dev1+20200424.150528.c44901d1 - Copyright 2020 SecureAuth Corporation

[*] Getting TGT for SGolds
[-] Kerberos SessionError: KDC_ERR_C_PRINCIPAL_UNKNOWN(Client not found in Kerberos database)
Impacket v0.9.22.dev1+20200424.150528.c44901d1 - Copyright 2020 SecureAuth Corporation

[*] Getting TGT for SGrifasi
[-] Kerberos SessionError: KDC_ERR_C_PRINCIPAL_UNKNOWN(Client not found in Kerberos database)
Impacket v0.9.22.dev1+20200424.150528.c44901d1 - Copyright 2020 SecureAuth Corporation

[*] Getting TGT for SGtlinas
[-] Kerberos SessionError: KDC_ERR_C_PRINCIPAL_UNKNOWN(Client not found in Kerberos database)
Impacket v0.9.22.dev1+20200424.150528.c44901d1 - Copyright 2020 SecureAuth Corporation

[*] Getting TGT for SHauht
[-] Kerberos SessionError: KDC_ERR_C_PRINCIPAL_UNKNOWN(Client not found in Kerberos database)
Impacket v0.9.22.dev1+20200424.150528.c44901d1 - Copyright 2020 SecureAuth Corporation

[*] Getting TGT for SHederian
[-] Kerberos SessionError: KDC_ERR_C_PRINCIPAL_UNKNOWN(Client not found in Kerberos database)
Impacket v0.9.22.dev1+20200424.150528.c44901d1 - Copyright 2020 SecureAuth Corporation

[*] Getting TGT for SHelregel
[-] Kerberos SessionError: KDC_ERR_C_PRINCIPAL_UNKNOWN(Client not found in Kerberos database)
Impacket v0.9.22.dev1+20200424.150528.c44901d1 - Copyright 2020 SecureAuth Corporation

[*] Getting TGT for SKrulig
[-] Kerberos SessionError: KDC_ERR_C_PRINCIPAL_UNKNOWN(Client not found in Kerberos database)
Impacket v0.9.22.dev1+20200424.150528.c44901d1 - Copyright 2020 SecureAuth Corporation

[*] Getting TGT for SLewrie
[-] Kerberos SessionError: KDC_ERR_C_PRINCIPAL_UNKNOWN(Client not found in Kerberos database)
Impacket v0.9.22.dev1+20200424.150528.c44901d1 - Copyright 2020 SecureAuth Corporation

[*] Getting TGT for SMaskil
[-] Kerberos SessionError: KDC_ERR_C_PRINCIPAL_UNKNOWN(Client not found in Kerberos database)
Impacket v0.9.22.dev1+20200424.150528.c44901d1 - Copyright 2020 SecureAuth Corporation

[*] Getting TGT for Smocker
[-] Kerberos SessionError: KDC_ERR_C_PRINCIPAL_UNKNOWN(Client not found in Kerberos database)
Impacket v0.9.22.dev1+20200424.150528.c44901d1 - Copyright 2020 SecureAuth Corporation

[*] Getting TGT for SMoyta
[-] Kerberos SessionError: KDC_ERR_C_PRINCIPAL_UNKNOWN(Client not found in Kerberos database)
Impacket v0.9.22.dev1+20200424.150528.c44901d1 - Copyright 2020 SecureAuth Corporation

[*] Getting TGT for SRaustiala
[-] Kerberos SessionError: KDC_ERR_C_PRINCIPAL_UNKNOWN(Client not found in Kerberos database)
Impacket v0.9.22.dev1+20200424.150528.c44901d1 - Copyright 2020 SecureAuth Corporation

[*] Getting TGT for SReppond
[-] Kerberos SessionError: KDC_ERR_C_PRINCIPAL_UNKNOWN(Client not found in Kerberos database)
Impacket v0.9.22.dev1+20200424.150528.c44901d1 - Copyright 2020 SecureAuth Corporation

[*] Getting TGT for SSicliano
[-] Kerberos SessionError: KDC_ERR_C_PRINCIPAL_UNKNOWN(Client not found in Kerberos database)
Impacket v0.9.22.dev1+20200424.150528.c44901d1 - Copyright 2020 SecureAuth Corporation

[*] Getting TGT for SSilex
[-] Kerberos SessionError: KDC_ERR_C_PRINCIPAL_UNKNOWN(Client not found in Kerberos database)
Impacket v0.9.22.dev1+20200424.150528.c44901d1 - Copyright 2020 SecureAuth Corporation

[*] Getting TGT for SSolsbak
[-] Kerberos SessionError: KDC_ERR_C_PRINCIPAL_UNKNOWN(Client not found in Kerberos database)
Impacket v0.9.22.dev1+20200424.150528.c44901d1 - Copyright 2020 SecureAuth Corporation

[*] Getting TGT for STousignaut
[-] Kerberos SessionError: KDC_ERR_C_PRINCIPAL_UNKNOWN(Client not found in Kerberos database)
Impacket v0.9.22.dev1+20200424.150528.c44901d1 - Copyright 2020 SecureAuth Corporation

[*] Getting TGT for support
$krb5asrep$23$support@BLACKFIELD.LOCAL:eade7a3e4918335ff2891974af3ab282$154bf398911e7058bffd6b1451a8efb083c8c9a871272036c284883d509f7f2677af7591a5d710d68c624bdf47efdfcf12e56182852f8a622fad81221610407b3c04511ffe878435e0909b64aec8a5c39702927ae3515ab05d5829a21f332349dd53888e733065750c3a340b842ddc89da10066bdbda3ce640c8e7c11f7ad4d5370965d3d1ba033928c8ce6615c317da825303a5a9cab1afb64d526d858bd5d68ccc6afd6778071d704bafcf1a8c721167a39706438768ad2282b476bab9bb8f10de055ea97d56bd4cd3f976060327abb257ae7575c72d3f50253c170f9cf7f315d48d8ce09eece2221ec49d43a088235313f1ac
Impacket v0.9.22.dev1+20200424.150528.c44901d1 - Copyright 2020 SecureAuth Corporation

[*] Getting TGT for svc_backup
[-] User svc_backup doesn't have UF_DONT_REQUIRE_PREAUTH set
Impacket v0.9.22.dev1+20200424.150528.c44901d1 - Copyright 2020 SecureAuth Corporation

[*] Getting TGT for SWhyte
[-] Kerberos SessionError: KDC_ERR_C_PRINCIPAL_UNKNOWN(Client not found in Kerberos database)
Impacket v0.9.22.dev1+20200424.150528.c44901d1 - Copyright 2020 SecureAuth Corporation

[*] Getting TGT for SWynigear
[-] Kerberos SessionError: KDC_ERR_C_PRINCIPAL_UNKNOWN(Client not found in Kerberos database)
Impacket v0.9.22.dev1+20200424.150528.c44901d1 - Copyright 2020 SecureAuth Corporation

[*] Getting TGT for TAwaysheh
[-] Kerberos SessionError: KDC_ERR_C_PRINCIPAL_UNKNOWN(Client not found in Kerberos database)
Impacket v0.9.22.dev1+20200424.150528.c44901d1 - Copyright 2020 SecureAuth Corporation

[*] Getting TGT for TBadenbach
[-] Kerberos SessionError: KDC_ERR_C_PRINCIPAL_UNKNOWN(Client not found in Kerberos database)
Impacket v0.9.22.dev1+20200424.150528.c44901d1 - Copyright 2020 SecureAuth Corporation

[*] Getting TGT for TCaffo
[-] Kerberos SessionError: KDC_ERR_C_PRINCIPAL_UNKNOWN(Client not found in Kerberos database)
Impacket v0.9.22.dev1+20200424.150528.c44901d1 - Copyright 2020 SecureAuth Corporation

[*] Getting TGT for TCassalom
[-] Kerberos SessionError: KDC_ERR_C_PRINCIPAL_UNKNOWN(Client not found in Kerberos database)
Impacket v0.9.22.dev1+20200424.150528.c44901d1 - Copyright 2020 SecureAuth Corporation

[*] Getting TGT for TEiselt
[-] Kerberos SessionError: KDC_ERR_C_PRINCIPAL_UNKNOWN(Client not found in Kerberos database)
Impacket v0.9.22.dev1+20200424.150528.c44901d1 - Copyright 2020 SecureAuth Corporation

[*] Getting TGT for TFerencdo
[-] Kerberos SessionError: KDC_ERR_C_PRINCIPAL_UNKNOWN(Client not found in Kerberos database)
Impacket v0.9.22.dev1+20200424.150528.c44901d1 - Copyright 2020 SecureAuth Corporation

[*] Getting TGT for TGaleazza
[-] Kerberos SessionError: KDC_ERR_C_PRINCIPAL_UNKNOWN(Client not found in Kerberos database)
Impacket v0.9.22.dev1+20200424.150528.c44901d1 - Copyright 2020 SecureAuth Corporation

[*] Getting TGT for TKauten
[-] Kerberos SessionError: KDC_ERR_C_PRINCIPAL_UNKNOWN(Client not found in Kerberos database)
Impacket v0.9.22.dev1+20200424.150528.c44901d1 - Copyright 2020 SecureAuth Corporation

[*] Getting TGT for TKnupke
[-] Kerberos SessionError: KDC_ERR_C_PRINCIPAL_UNKNOWN(Client not found in Kerberos database)
Impacket v0.9.22.dev1+20200424.150528.c44901d1 - Copyright 2020 SecureAuth Corporation

[*] Getting TGT for TLintlop
[-] Kerberos SessionError: KDC_ERR_C_PRINCIPAL_UNKNOWN(Client not found in Kerberos database)
Impacket v0.9.22.dev1+20200424.150528.c44901d1 - Copyright 2020 SecureAuth Corporation

[*] Getting TGT for TMusselli
[-] Kerberos SessionError: KDC_ERR_C_PRINCIPAL_UNKNOWN(Client not found in Kerberos database)
Impacket v0.9.22.dev1+20200424.150528.c44901d1 - Copyright 2020 SecureAuth Corporation

[*] Getting TGT for TOust
[-] Kerberos SessionError: KDC_ERR_C_PRINCIPAL_UNKNOWN(Client not found in Kerberos database)
Impacket v0.9.22.dev1+20200424.150528.c44901d1 - Copyright 2020 SecureAuth Corporation

[*] Getting TGT for TSlupka
[-] Kerberos SessionError: KDC_ERR_C_PRINCIPAL_UNKNOWN(Client not found in Kerberos database)
Impacket v0.9.22.dev1+20200424.150528.c44901d1 - Copyright 2020 SecureAuth Corporation

[*] Getting TGT for TStausland
[-] Kerberos SessionError: KDC_ERR_C_PRINCIPAL_UNKNOWN(Client not found in Kerberos database)
Impacket v0.9.22.dev1+20200424.150528.c44901d1 - Copyright 2020 SecureAuth Corporation

[*] Getting TGT for TZumpella
[-] Kerberos SessionError: KDC_ERR_C_PRINCIPAL_UNKNOWN(Client not found in Kerberos database)
Impacket v0.9.22.dev1+20200424.150528.c44901d1 - Copyright 2020 SecureAuth Corporation

[*] Getting TGT for UCrofskey
[-] Kerberos SessionError: KDC_ERR_C_PRINCIPAL_UNKNOWN(Client not found in Kerberos database)
Impacket v0.9.22.dev1+20200424.150528.c44901d1 - Copyright 2020 SecureAuth Corporation

[*] Getting TGT for UMarylebone
[-] Kerberos SessionError: KDC_ERR_C_PRINCIPAL_UNKNOWN(Client not found in Kerberos database)
Impacket v0.9.22.dev1+20200424.150528.c44901d1 - Copyright 2020 SecureAuth Corporation

[*] Getting TGT for UPyrke
[-] Kerberos SessionError: KDC_ERR_C_PRINCIPAL_UNKNOWN(Client not found in Kerberos database)
Impacket v0.9.22.dev1+20200424.150528.c44901d1 - Copyright 2020 SecureAuth Corporation

[*] Getting TGT for VBublavy
[-] Kerberos SessionError: KDC_ERR_C_PRINCIPAL_UNKNOWN(Client not found in Kerberos database)
Impacket v0.9.22.dev1+20200424.150528.c44901d1 - Copyright 2020 SecureAuth Corporation

[*] Getting TGT for VButziger
[-] Kerberos SessionError: KDC_ERR_C_PRINCIPAL_UNKNOWN(Client not found in Kerberos database)
Impacket v0.9.22.dev1+20200424.150528.c44901d1 - Copyright 2020 SecureAuth Corporation

[*] Getting TGT for VFuscca
[-] Kerberos SessionError: KDC_ERR_C_PRINCIPAL_UNKNOWN(Client not found in Kerberos database)
Impacket v0.9.22.dev1+20200424.150528.c44901d1 - Copyright 2020 SecureAuth Corporation

[*] Getting TGT for VLitschauer
[-] Kerberos SessionError: KDC_ERR_C_PRINCIPAL_UNKNOWN(Client not found in Kerberos database)
Impacket v0.9.22.dev1+20200424.150528.c44901d1 - Copyright 2020 SecureAuth Corporation

[*] Getting TGT for VMamchuk
[-] Kerberos SessionError: KDC_ERR_C_PRINCIPAL_UNKNOWN(Client not found in Kerberos database)
Impacket v0.9.22.dev1+20200424.150528.c44901d1 - Copyright 2020 SecureAuth Corporation

[*] Getting TGT for VMarija
[-] Kerberos SessionError: KDC_ERR_C_PRINCIPAL_UNKNOWN(Client not found in Kerberos database)
Impacket v0.9.22.dev1+20200424.150528.c44901d1 - Copyright 2020 SecureAuth Corporation

[*] Getting TGT for VOlaosun
[-] Kerberos SessionError: KDC_ERR_C_PRINCIPAL_UNKNOWN(Client not found in Kerberos database)
Impacket v0.9.22.dev1+20200424.150528.c44901d1 - Copyright 2020 SecureAuth Corporation

[*] Getting TGT for VPapalouca
[-] Kerberos SessionError: KDC_ERR_C_PRINCIPAL_UNKNOWN(Client not found in Kerberos database)
Impacket v0.9.22.dev1+20200424.150528.c44901d1 - Copyright 2020 SecureAuth Corporation

[*] Getting TGT for WSaldat
[-] Kerberos SessionError: KDC_ERR_C_PRINCIPAL_UNKNOWN(Client not found in Kerberos database)
Impacket v0.9.22.dev1+20200424.150528.c44901d1 - Copyright 2020 SecureAuth Corporation

[*] Getting TGT for WVerzhbytska
[-] Kerberos SessionError: KDC_ERR_C_PRINCIPAL_UNKNOWN(Client not found in Kerberos database)
Impacket v0.9.22.dev1+20200424.150528.c44901d1 - Copyright 2020 SecureAuth Corporation

[*] Getting TGT for WZelazny
[-] Kerberos SessionError: KDC_ERR_C_PRINCIPAL_UNKNOWN(Client not found in Kerberos database)
Impacket v0.9.22.dev1+20200424.150528.c44901d1 - Copyright 2020 SecureAuth Corporation

[*] Getting TGT for XBemelen
[-] Kerberos SessionError: KDC_ERR_C_PRINCIPAL_UNKNOWN(Client not found in Kerberos database)
Impacket v0.9.22.dev1+20200424.150528.c44901d1 - Copyright 2020 SecureAuth Corporation

[*] Getting TGT for XDadant
[-] Kerberos SessionError: KDC_ERR_C_PRINCIPAL_UNKNOWN(Client not found in Kerberos database)
Impacket v0.9.22.dev1+20200424.150528.c44901d1 - Copyright 2020 SecureAuth Corporation

[*] Getting TGT for XDebes
[-] Kerberos SessionError: KDC_ERR_C_PRINCIPAL_UNKNOWN(Client not found in Kerberos database)
Impacket v0.9.22.dev1+20200424.150528.c44901d1 - Copyright 2020 SecureAuth Corporation

[*] Getting TGT for XKonegni
[-] Kerberos SessionError: KDC_ERR_C_PRINCIPAL_UNKNOWN(Client not found in Kerberos database)
Impacket v0.9.22.dev1+20200424.150528.c44901d1 - Copyright 2020 SecureAuth Corporation

[*] Getting TGT for XRykiel
[-] Kerberos SessionError: KDC_ERR_C_PRINCIPAL_UNKNOWN(Client not found in Kerberos database)
Impacket v0.9.22.dev1+20200424.150528.c44901d1 - Copyright 2020 SecureAuth Corporation

[*] Getting TGT for YBleasdale
[-] Kerberos SessionError: KDC_ERR_C_PRINCIPAL_UNKNOWN(Client not found in Kerberos database)
Impacket v0.9.22.dev1+20200424.150528.c44901d1 - Copyright 2020 SecureAuth Corporation

[*] Getting TGT for YHuftalin
[-] Kerberos SessionError: KDC_ERR_C_PRINCIPAL_UNKNOWN(Client not found in Kerberos database)
Impacket v0.9.22.dev1+20200424.150528.c44901d1 - Copyright 2020 SecureAuth Corporation

[*] Getting TGT for YKivlen
[-] Kerberos SessionError: KDC_ERR_C_PRINCIPAL_UNKNOWN(Client not found in Kerberos database)
Impacket v0.9.22.dev1+20200424.150528.c44901d1 - Copyright 2020 SecureAuth Corporation

[*] Getting TGT for YKozlicki
[-] Kerberos SessionError: KDC_ERR_C_PRINCIPAL_UNKNOWN(Client not found in Kerberos database)
Impacket v0.9.22.dev1+20200424.150528.c44901d1 - Copyright 2020 SecureAuth Corporation

[*] Getting TGT for YNyirenda
[-] Kerberos SessionError: KDC_ERR_C_PRINCIPAL_UNKNOWN(Client not found in Kerberos database)
Impacket v0.9.22.dev1+20200424.150528.c44901d1 - Copyright 2020 SecureAuth Corporation

[*] Getting TGT for YPredestin
[-] Kerberos SessionError: KDC_ERR_C_PRINCIPAL_UNKNOWN(Client not found in Kerberos database)
Impacket v0.9.22.dev1+20200424.150528.c44901d1 - Copyright 2020 SecureAuth Corporation

[*] Getting TGT for YSeturino
[-] Kerberos SessionError: KDC_ERR_C_PRINCIPAL_UNKNOWN(Client not found in Kerberos database)
Impacket v0.9.22.dev1+20200424.150528.c44901d1 - Copyright 2020 SecureAuth Corporation

[*] Getting TGT for YSkoropada
[-] Kerberos SessionError: KDC_ERR_C_PRINCIPAL_UNKNOWN(Client not found in Kerberos database)
Impacket v0.9.22.dev1+20200424.150528.c44901d1 - Copyright 2020 SecureAuth Corporation

[*] Getting TGT for YVonebers
[-] Kerberos SessionError: KDC_ERR_C_PRINCIPAL_UNKNOWN(Client not found in Kerberos database)
Impacket v0.9.22.dev1+20200424.150528.c44901d1 - Copyright 2020 SecureAuth Corporation

[*] Getting TGT for YZarpentine
[-] Kerberos SessionError: KDC_ERR_C_PRINCIPAL_UNKNOWN(Client not found in Kerberos database)
Impacket v0.9.22.dev1+20200424.150528.c44901d1 - Copyright 2020 SecureAuth Corporation

[*] Getting TGT for ZAlatti
[-] Kerberos SessionError: KDC_ERR_C_PRINCIPAL_UNKNOWN(Client not found in Kerberos database)
Impacket v0.9.22.dev1+20200424.150528.c44901d1 - Copyright 2020 SecureAuth Corporation

[*] Getting TGT for ZKrenselewski
[-] Kerberos SessionError: KDC_ERR_C_PRINCIPAL_UNKNOWN(Client not found in Kerberos database)
Impacket v0.9.22.dev1+20200424.150528.c44901d1 - Copyright 2020 SecureAuth Corporation

[*] Getting TGT for ZMalaab
[-] Kerberos SessionError: KDC_ERR_C_PRINCIPAL_UNKNOWN(Client not found in Kerberos database)
Impacket v0.9.22.dev1+20200424.150528.c44901d1 - Copyright 2020 SecureAuth Corporation

[*] Getting TGT for ZMiick
[-] Kerberos SessionError: KDC_ERR_C_PRINCIPAL_UNKNOWN(Client not found in Kerberos database)
Impacket v0.9.22.dev1+20200424.150528.c44901d1 - Copyright 2020 SecureAuth Corporation

[*] Getting TGT for ZScozzari
[-] Kerberos SessionError: KDC_ERR_C_PRINCIPAL_UNKNOWN(Client not found in Kerberos database)
Impacket v0.9.22.dev1+20200424.150528.c44901d1 - Copyright 2020 SecureAuth Corporation

[*] Getting TGT for ZTimofeeff
[-] Kerberos SessionError: KDC_ERR_C_PRINCIPAL_UNKNOWN(Client not found in Kerberos database)
Impacket v0.9.22.dev1+20200424.150528.c44901d1 - Copyright 2020 SecureAuth Corporation

[*] Getting TGT for ZWausik
[-] Kerberos SessionError: KDC_ERR_C_PRINCIPAL_UNKNOWN(Client not found in Kerberos database)
