===============================================================
Gobuster v3.1.0
by OJ Reeves (@TheColonial) & Christian Mehlmauer (@firefart)
===============================================================
[+] Url:                     http://horizontall.htb
[+] Method:                  GET
[+] Threads:                 10
[+] Wordlist:                /usr/share/wordlists/dirb/common.txt
[+] Negative Status codes:   404
[+] User Agent:              gobuster/3.1.0
[+] Extensions:              php
[+] Follow Redirect:         true
[+] Timeout:                 10s
===============================================================
2022/01/08 18:13:46 Starting gobuster in directory enumeration mode
===============================================================
/css                  (Status: 403) [Size: 178]
/favicon.ico          (Status: 200) [Size: 4286]
/img                  (Status: 403) [Size: 178] 
/index.html           (Status: 200) [Size: 901] 
/js                   (Status: 403) [Size: 178] 
===============================================================
2022/01/08 18:14:02 Finished
===============================================================
